c:\users\u0158579\documents\lib\malon10\malon10\debug\vc140.pdb
c:\users\u0158579\documents\lib\malon10\malon10\debug\vc140.idb
c:\users\u0158579\documents\lib\malon10\malon10\debug\solver.obj
c:\users\u0158579\documents\lib\malon10\malon10\debug\swap.obj
c:\users\u0158579\documents\lib\malon10\malon10\debug\swaption.obj
c:\users\u0158579\documents\lib\malon10\malon10\debug\tenorbasisswap.obj
c:\users\u0158579\documents\lib\malon10\malon10\debug\testblackformula.obj
c:\users\u0158579\documents\lib\malon10\malon10\debug\testcurve.obj
c:\users\u0158579\documents\lib\malon10\malon10\debug\testfixedratebondpricing.obj
c:\users\u0158579\documents\lib\malon10\malon10\debug\testformula.obj
c:\users\u0158579\documents\lib\malon10\malon10\debug\testg2plusplus.obj
c:\users\u0158579\documents\lib\malon10\malon10\debug\testgregdate.obj
c:\users\u0158579\documents\lib\malon10\malon10\debug\testintegral.obj
c:\users\u0158579\documents\lib\malon10\malon10\debug\testirs.obj
c:\users\u0158579\documents\lib\malon10\malon10\debug\testratecurvecalibration.obj
c:\users\u0158579\documents\lib\malon10\malon10\debug\tests.obj
c:\users\u0158579\documents\lib\malon10\malon10\debug\testschedule.obj
c:\users\u0158579\documents\lib\malon10\malon10\debug\testsolver.obj
c:\users\u0158579\documents\lib\malon10\malon10\debug\testtbs.obj
c:\users\u0158579\documents\lib\malon10\malon10\debug\testyearfraction.obj
c:\users\u0158579\documents\lib\malon10\malon10\debug\volcurve.obj
c:\users\u0158579\documents\lib\malon10\malon10\debug\yearfraction.obj
c:\users\u0158579\documents\lib\malon10\malon10\debug\fixedratebond.obj
c:\users\u0158579\documents\lib\malon10\malon10\debug\floatingratenote.obj
c:\users\u0158579\documents\lib\malon10\malon10\debug\floatleg.obj
c:\users\u0158579\documents\lib\malon10\malon10\debug\forwardrateagreement.obj
c:\users\u0158579\documents\lib\malon10\malon10\debug\gregdate.obj
c:\users\u0158579\documents\lib\malon10\malon10\debug\instrument.obj
c:\users\u0158579\documents\lib\malon10\malon10\debug\integral.obj
c:\users\u0158579\documents\lib\malon10\malon10\debug\interestrateswap.obj
c:\users\u0158579\documents\lib\malon10\malon10\debug\irmodel.obj
c:\users\u0158579\documents\lib\malon10\malon10\debug\irmodelg2plusplus.obj
c:\users\u0158579\documents\lib\malon10\malon10\debug\leg.obj
c:\users\u0158579\documents\lib\malon10\malon10\debug\liborcurvecalibration.obj
c:\users\u0158579\documents\lib\malon10\malon10\debug\main.obj
c:\users\u0158579\documents\lib\malon10\malon10\debug\multiratecurve.obj
c:\users\u0158579\documents\lib\malon10\malon10\debug\multiratecurvecalibration.obj
c:\users\u0158579\documents\lib\malon10\malon10\debug\normal.obj
c:\users\u0158579\documents\lib\malon10\malon10\debug\ornsteinuhlenbeckprocess.obj
c:\users\u0158579\documents\lib\malon10\malon10\debug\ratecurve.obj
c:\users\u0158579\documents\lib\malon10\malon10\debug\ratecurvecalibration.obj
c:\users\u0158579\documents\lib\malon10\malon10\debug\schedule.obj
c:\users\u0158579\documents\lib\malon10\malon10\debug\capfloor.obj
c:\users\u0158579\documents\lib\malon10\malon10\debug\curve.obj
c:\users\u0158579\documents\lib\malon10\malon10\debug\define.obj
c:\users\u0158579\documents\lib\malon10\malon10\debug\deposit.obj
c:\users\u0158579\documents\lib\malon10\malon10\debug\discountcurvecalibration.obj
c:\users\u0158579\documents\lib\malon10\malon10\debug\financeformula.obj
c:\users\u0158579\documents\lib\malon10\malon10\debug\vc141.pdb
c:\users\u0158579\documents\lib\malon10\malon10\debug\vc141.idb
c:\users\u0158579\documents\lib\malon10\debug\malon10.ilk
c:\users\u0158579\documents\lib\malon10\debug\malon10.exe
c:\users\u0158579\documents\lib\malon10\debug\malon10.pdb
c:\users\u0158579\documents\lib\malon10\malon10\debug\malon10.tlog\cl.command.1.tlog
c:\users\u0158579\documents\lib\malon10\malon10\debug\malon10.tlog\cl.read.1.tlog
c:\users\u0158579\documents\lib\malon10\malon10\debug\malon10.tlog\cl.write.1.tlog
c:\users\u0158579\documents\lib\malon10\malon10\debug\malon10.tlog\link.command.1.tlog
c:\users\u0158579\documents\lib\malon10\malon10\debug\malon10.tlog\link.delete.1.tlog
c:\users\u0158579\documents\lib\malon10\malon10\debug\malon10.tlog\link.read.1.tlog
c:\users\u0158579\documents\lib\malon10\malon10\debug\malon10.tlog\link.write.1.tlog
